#
# There is insufficient memory for the Java Runtime Environment to continue.
# Native memory allocation (mmap) failed to map 14680064 bytes. Error detail: G1 virtual space
# Possible reasons:
#   The system is out of physical RAM or swap space
#   This process is running with CompressedOops enabled, and the Java Heap may be blocking the growth of the native heap
# Possible solutions:
#   Reduce memory load on the system
#   Increase physical memory or swap space
#   Check if swap backing store is full
#   Decrease Java heap size (-Xmx/-Xms)
#   Decrease number of Java threads
#   Decrease Java thread stack sizes (-Xss)
#   Set larger code cache with -XX:ReservedCodeCacheSize=
#   JVM is running with Unscaled Compressed Oops mode in which the Java heap is
#     placed in the first 4GB address space. The Java Heap base address is the
#     maximum limit for the native heap growth. Please use -XX:HeapBaseMinAddress
#     to set the Java Heap base and to place the Java Heap above 4GB virtual address.
# This output file may be truncated or incomplete.
#
#  Out of Memory Error (os_windows.cpp:3898), pid=12260, tid=16824
#
# JRE version: OpenJDK Runtime Environment JBR-21.0.7+6-1020.35-nomod (21.0.7+6) (build 21.0.7+6-b1020.35)
# Java VM: OpenJDK 64-Bit Server VM JBR-21.0.7+6-1020.35-nomod (21.0.7+6-b1020.35, mixed mode, emulated-client, sharing, tiered, compressed oops, compressed class ptrs, g1 gc, windows-amd64)
# No core dump will be written. Minidumps are not enabled by default on client versions of Windows
#

---------------  S U M M A R Y ------------

Command Line: -XX:TieredStopAtLevel=1 -Dspring.output.ansi.enabled=always -Dcom.sun.management.jmxremote -Dspring.jmx.enabled=true -Dspring.liveBeansView.mbeanDomain -Dspring.application.admin.enabled=true -Dmanagement.endpoints.jmx.exposure.include=* -javaagent:C:\Program Files\JetBrains\IntelliJ IDEA 2025.3\lib\idea_rt.jar=64875 -Dfile.encoding=UTF-8 -Dsun.stdout.encoding=UTF-8 -Dsun.stderr.encoding=UTF-8 com.example.demo.DemoApplication

Host: AMD Ryzen 3 3200U with Radeon Vega Mobile Gfx  , 4 cores, 3G,  Windows 10 , 64 bit Build 19041 (10.0.19041.5915)
Time: Thu Dec 25 17:19:15 2025 W. Europe Standard Time elapsed time: 17.683722 seconds (0d 0h 0m 17s)

---------------  T H R E A D  ---------------

Current thread (0x00000222b9404b50):  VMThread "VM Thread"          [id=16824, stack(0x000000b1f7c00000,0x000000b1f7d00000) (1024K)]

Stack: [0x000000b1f7c00000,0x000000b1f7d00000]
Native frames: (J=compiled Java code, j=interpreted, Vv=VM code, C=native code)
V  [jvm.dll+0x6e6669]

VM_Operation (0x000000b1f75faa80): G1CollectForAllocation, mode: safepoint, requested by thread 0x00000222b93518e0


---------------  P R O C E S S  ---------------

Threads class SMR info:
_java_thread_list=0x000002230c210330, length=20, elements={
0x00000222b93518e0, 0x00000222c32fbd50, 0x00000222c32fcc70, 0x00000222c32ffe20,
0x00000222c3301bf0, 0x00000222c3304760, 0x00000222c33051c0, 0x00000222c3305c20,
0x00000222c339eb90, 0x00000222c339f200, 0x000002230a09a820, 0x000002230a09ae90,
0x000002230a1f55d0, 0x000002230a1e7550, 0x000002230a5bdb10, 0x000002230a51d560,
0x000002230a51dbd0, 0x000002230a51e240, 0x000002230b88d040, 0x000002230b88d6b0
}

Java Threads: ( => current thread )
  0x00000222b93518e0 JavaThread "main"                              [_thread_blocked, id=17432, stack(0x000000b1f7500000,0x000000b1f7600000) (1024K)]
  0x00000222c32fbd50 JavaThread "Reference Handler"          daemon [_thread_blocked, id=16016, stack(0x000000b1f7d00000,0x000000b1f7e00000) (1024K)]
  0x00000222c32fcc70 JavaThread "Finalizer"                  daemon [_thread_blocked, id=1276, stack(0x000000b1f7e00000,0x000000b1f7f00000) (1024K)]
  0x00000222c32ffe20 JavaThread "Signal Dispatcher"          daemon [_thread_blocked, id=5904, stack(0x000000b1f7f00000,0x000000b1f8000000) (1024K)]
  0x00000222c3301bf0 JavaThread "Attach Listener"            daemon [_thread_blocked, id=14136, stack(0x000000b1f8000000,0x000000b1f8100000) (1024K)]
  0x00000222c3304760 JavaThread "Service Thread"             daemon [_thread_blocked, id=5684, stack(0x000000b1f8100000,0x000000b1f8200000) (1024K)]
  0x00000222c33051c0 JavaThread "Monitor Deflation Thread"   daemon [_thread_blocked, id=2080, stack(0x000000b1f8200000,0x000000b1f8300000) (1024K)]
  0x00000222c3305c20 JavaThread "C1 CompilerThread0"         daemon [_thread_blocked, id=11592, stack(0x000000b1f8300000,0x000000b1f8400000) (1024K)]
  0x00000222c339eb90 JavaThread "Common-Cleaner"             daemon [_thread_blocked, id=15840, stack(0x000000b1f8400000,0x000000b1f8500000) (1024K)]
  0x00000222c339f200 JavaThread "C1 CompilerThread1"         daemon [_thread_blocked, id=10668, stack(0x000000b1f8500000,0x000000b1f8600000) (1024K)]
  0x000002230a09a820 JavaThread "Monitor Ctrl-Break"         daemon [_thread_in_native, id=13032, stack(0x000000b1f8600000,0x000000b1f8700000) (1024K)]
  0x000002230a09ae90 JavaThread "Notification Thread"        daemon [_thread_blocked, id=13192, stack(0x000000b1f8700000,0x000000b1f8800000) (1024K)]
  0x000002230a1f55d0 JavaThread "RMI TCP Accept-0"           daemon [_thread_in_native, id=17712, stack(0x000000b1f8b00000,0x000000b1f8c00000) (1024K)]
  0x000002230a1e7550 JavaThread "RMI TCP Connection(1)-172.21.0.1" daemon [_thread_blocked, id=7832, stack(0x000000b1f8c00000,0x000000b1f8d00000) (1024K)]
  0x000002230a5bdb10 JavaThread "RMI Scheduler(0)"           daemon [_thread_blocked, id=15784, stack(0x000000b1f8d00000,0x000000b1f8e00000) (1024K)]
  0x000002230a51d560 JavaThread "Catalina-utility-1"                [_thread_blocked, id=13048, stack(0x000000b1f8e00000,0x000000b1f8f00000) (1024K)]
  0x000002230a51dbd0 JavaThread "Catalina-utility-2"                [_thread_blocked, id=6168, stack(0x000000b1f8f00000,0x000000b1f9000000) (1024K)]
  0x000002230a51e240 JavaThread "container-0"                       [_thread_blocked, id=1168, stack(0x000000b1f9000000,0x000000b1f9100000) (1024K)]
  0x000002230b88d040 JavaThread "PostgreSQL-JDBC-Cleaner"    daemon [_thread_blocked, id=6736, stack(0x000000b1f9200000,0x000000b1f9300000) (1024K)]
  0x000002230b88d6b0 JavaThread "HikariPool-1 housekeeper"   daemon [_thread_blocked, id=17204, stack(0x000000b1f9300000,0x000000b1f9400000) (1024K)]
Total: 20

Other Threads:
=>0x00000222b9404b50 VMThread "VM Thread"                           [id=16824, stack(0x000000b1f7c00000,0x000000b1f7d00000) (1024K)]
  0x00000222b93f3580 WatcherThread "VM Periodic Task Thread"        [id=5360, stack(0x000000b1f7b00000,0x000000b1f7c00000) (1024K)]
  0x00000222b9386d80 WorkerThread "GC Thread#0"                     [id=5572, stack(0x000000b1f7600000,0x000000b1f7700000) (1024K)]
  0x000002230a161ad0 WorkerThread "GC Thread#1"                     [id=7604, stack(0x000000b1f8800000,0x000000b1f8900000) (1024K)]
  0x000002230a16ed70 WorkerThread "GC Thread#2"                     [id=6212, stack(0x000000b1f8900000,0x000000b1f8a00000) (1024K)]
  0x000002230a171120 WorkerThread "GC Thread#3"                     [id=15084, stack(0x000000b1f8a00000,0x000000b1f8b00000) (1024K)]
  0x00000222b938eb50 ConcurrentGCThread "G1 Main Marker"            [id=11956, stack(0x000000b1f7700000,0x000000b1f7800000) (1024K)]
  0x00000222b938fe60 WorkerThread "G1 Conc#0"                       [id=11300, stack(0x000000b1f7800000,0x000000b1f7900000) (1024K)]
  0x00000222b93e5800 ConcurrentGCThread "G1 Refine#0"               [id=15504, stack(0x000000b1f7900000,0x000000b1f7a00000) (1024K)]
  0x00000222b93e7380 ConcurrentGCThread "G1 Service"                [id=4972, stack(0x000000b1f7a00000,0x000000b1f7b00000) (1024K)]
Total: 10

Threads with active compile tasks:
Total: 0

VM state: at safepoint (normal execution)

VM Mutex/Monitor currently owned by a thread:  ([mutex/lock_event])
[0x00007ffcee4dfa78] Threads_lock - owner thread: 0x00000222b9404b50
[0x00007ffcee4dfb78] Heap_lock - owner thread: 0x00000222b93518e0

Heap address: 0x00000000c9e00000, size: 866 MB, Compressed Oops mode: 32-bit

CDS archive(s) mapped at: [0x00000222c4000000-0x00000222c5bd0000-0x00000222c5bd0000), size 29163520, SharedBaseAddress: 0x00000222c4000000, ArchiveRelocationMode: 1.
Compressed class space mapped at: 0x00000222c6000000-0x0000022306000000, reserved size: 1073741824
Narrow klass base: 0x00000222c4000000, Narrow klass shift: 0, Narrow klass range: 0x100000000

GC Precious Log:
 CardTable entry size: 512
 Card Set container configuration: InlinePtr #cards 5 size 8 Array Of Cards #cards 12 size 40 Howl #buckets 4 coarsen threshold 1843 Howl Bitmap #cards 512 size 80 coarsen threshold 460 Card regions per heap region 1 cards per card region 2048
 CPUs: 4 total, 4 available
 Memory: 3459M
 Large Page Support: Disabled
 NUMA Support: Disabled
 Compressed Oops: Enabled (32-bit)
 Heap Region Size: 1M
 Heap Min Capacity: 8M
 Heap Initial Capacity: 56M
 Heap Max Capacity: 866M
 Pre-touch: Disabled
 Parallel Workers: 4
 Concurrent Workers: 1
 Concurrent Refinement Workers: 4
 Periodic GC: Disabled

Heap:
 garbage-first heap   total 69632K, used 37110K [0x00000000c9e00000, 0x0000000100000000)
  region size 1024K, 3 young (3072K), 3 survivors (3072K)
 Metaspace       used 63693K, committed 64384K, reserved 1114112K
  class space    used 9129K, committed 9472K, reserved 1048576K

Heap Regions: E=young(eden), S=young(survivor), O=old, HS=humongous(starts), HC=humongous(continues), CS=collection set, F=free, TAMS=top-at-mark-start, PB=parsable bottom
|   0|0x00000000c9e00000, 0x00000000c9f00000, 0x00000000c9f00000|100%|HS|  |TAMS 0x00000000c9e00000| PB 0x00000000c9e00000| Complete 
|   1|0x00000000c9f00000, 0x00000000ca000000, 0x00000000ca000000|100%| O|  |TAMS 0x00000000c9f00000| PB 0x00000000c9f00000| Untracked 
|   2|0x00000000ca000000, 0x00000000ca100000, 0x00000000ca100000|100%| O|  |TAMS 0x00000000ca000000| PB 0x00000000ca000000| Untracked 
|   3|0x00000000ca100000, 0x00000000ca200000, 0x00000000ca200000|100%| O|  |TAMS 0x00000000ca100000| PB 0x00000000ca100000| Untracked 
|   4|0x00000000ca200000, 0x00000000ca300000, 0x00000000ca300000|100%| O|  |TAMS 0x00000000ca200000| PB 0x00000000ca200000| Untracked 
|   5|0x00000000ca300000, 0x00000000ca400000, 0x00000000ca400000|100%| O|  |TAMS 0x00000000ca300000| PB 0x00000000ca300000| Untracked 
|   6|0x00000000ca400000, 0x00000000ca500000, 0x00000000ca500000|100%| O|  |TAMS 0x00000000ca400000| PB 0x00000000ca400000| Untracked 
|   7|0x00000000ca500000, 0x00000000ca600000, 0x00000000ca600000|100%| O|  |TAMS 0x00000000ca500000| PB 0x00000000ca500000| Untracked 
|   8|0x00000000ca600000, 0x00000000ca700000, 0x00000000ca700000|100%| O|  |TAMS 0x00000000ca600000| PB 0x00000000ca600000| Untracked 
|   9|0x00000000ca700000, 0x00000000ca800000, 0x00000000ca800000|100%| O|  |TAMS 0x00000000ca700000| PB 0x00000000ca700000| Untracked 
|  10|0x00000000ca800000, 0x00000000ca900000, 0x00000000ca900000|100%| O|  |TAMS 0x00000000ca800000| PB 0x00000000ca800000| Untracked 
|  11|0x00000000ca900000, 0x00000000caa00000, 0x00000000caa00000|100%| O|  |TAMS 0x00000000ca900000| PB 0x00000000ca900000| Untracked 
|  12|0x00000000caa00000, 0x00000000cab00000, 0x00000000cab00000|100%| O|  |TAMS 0x00000000caa00000| PB 0x00000000caa00000| Untracked 
|  13|0x00000000cab00000, 0x00000000cac00000, 0x00000000cac00000|100%| O|  |TAMS 0x00000000cab00000| PB 0x00000000cab00000| Untracked 
|  14|0x00000000cac00000, 0x00000000cad00000, 0x00000000cad00000|100%| O|  |TAMS 0x00000000cac00000| PB 0x00000000cac00000| Untracked 
|  15|0x00000000cad00000, 0x00000000cae00000, 0x00000000cae00000|100%| O|  |TAMS 0x00000000cad00000| PB 0x00000000cad00000| Untracked 
|  16|0x00000000cae00000, 0x00000000caf00000, 0x00000000caf00000|100%| O|  |TAMS 0x00000000cae00000| PB 0x00000000cae00000| Untracked 
|  17|0x00000000caf00000, 0x00000000cb000000, 0x00000000cb000000|100%| O|  |TAMS 0x00000000caf00000| PB 0x00000000caf00000| Untracked 
|  18|0x00000000cb000000, 0x00000000cb100000, 0x00000000cb100000|100%| O|  |TAMS 0x00000000cb000000| PB 0x00000000cb000000| Untracked 
|  19|0x00000000cb100000, 0x00000000cb200000, 0x00000000cb200000|100%| O|  |TAMS 0x00000000cb100000| PB 0x00000000cb100000| Untracked 
|  20|0x00000000cb200000, 0x00000000cb300000, 0x00000000cb300000|100%| O|  |TAMS 0x00000000cb200000| PB 0x00000000cb200000| Untracked 
|  21|0x00000000cb300000, 0x00000000cb400000, 0x00000000cb400000|100%| O|  |TAMS 0x00000000cb300000| PB 0x00000000cb300000| Untracked 
|  22|0x00000000cb400000, 0x00000000cb500000, 0x00000000cb500000|100%| O|  |TAMS 0x00000000cb400000| PB 0x00000000cb400000| Untracked 
|  23|0x00000000cb500000, 0x00000000cb600000, 0x00000000cb600000|100%| O|  |TAMS 0x00000000cb500000| PB 0x00000000cb500000| Untracked 
|  24|0x00000000cb600000, 0x00000000cb700000, 0x00000000cb700000|100%| O|  |TAMS 0x00000000cb600000| PB 0x00000000cb600000| Untracked 
|  25|0x00000000cb700000, 0x00000000cb800000, 0x00000000cb800000|100%| O|  |TAMS 0x00000000cb700000| PB 0x00000000cb700000| Untracked 
|  26|0x00000000cb800000, 0x00000000cb900000, 0x00000000cb900000|100%| O|  |TAMS 0x00000000cb800000| PB 0x00000000cb800000| Untracked 
|  27|0x00000000cb900000, 0x00000000cba00000, 0x00000000cba00000|100%| O|  |TAMS 0x00000000cb900000| PB 0x00000000cb900000| Untracked 
|  28|0x00000000cba00000, 0x00000000cbb00000, 0x00000000cbb00000|100%| O|  |TAMS 0x00000000cba00000| PB 0x00000000cba00000| Untracked 
|  29|0x00000000cbb00000, 0x00000000cbc00000, 0x00000000cbc00000|100%| O|  |TAMS 0x00000000cbb00000| PB 0x00000000cbb00000| Untracked 
|  30|0x00000000cbc00000, 0x00000000cbd00000, 0x00000000cbd00000|100%| O|  |TAMS 0x00000000cbc00000| PB 0x00000000cbc00000| Untracked 
|  31|0x00000000cbd00000, 0x00000000cbe00000, 0x00000000cbe00000|100%| O|  |TAMS 0x00000000cbd00000| PB 0x00000000cbd00000| Untracked 
|  32|0x00000000cbe00000, 0x00000000cbf00000, 0x00000000cbf00000|100%| O|  |TAMS 0x00000000cbe00000| PB 0x00000000cbe00000| Untracked 
|  33|0x00000000cbf00000, 0x00000000cbf7c588, 0x00000000cc000000| 48%| O|  |TAMS 0x00000000cbf00000| PB 0x00000000cbf00000| Untracked 
|  34|0x00000000cc000000, 0x00000000cc000000, 0x00000000cc100000|  0%| F|  |TAMS 0x00000000cc000000| PB 0x00000000cc000000| Untracked 
|  35|0x00000000cc100000, 0x00000000cc1c13c0, 0x00000000cc200000| 75%| S|CS|TAMS 0x00000000cc100000| PB 0x00000000cc100000| Complete 
|  36|0x00000000cc200000, 0x00000000cc200000, 0x00000000cc300000|  0%| F|  |TAMS 0x00000000cc200000| PB 0x00000000cc200000| Untracked 
|  37|0x00000000cc300000, 0x00000000cc300000, 0x00000000cc400000|  0%| F|  |TAMS 0x00000000cc300000| PB 0x00000000cc300000| Untracked 
|  38|0x00000000cc400000, 0x00000000cc400000, 0x00000000cc500000|  0%| F|  |TAMS 0x00000000cc400000| PB 0x00000000cc400000| Untracked 
|  39|0x00000000cc500000, 0x00000000cc500000, 0x00000000cc600000|  0%| F|  |TAMS 0x00000000cc500000| PB 0x00000000cc500000| Untracked 
|  40|0x00000000cc600000, 0x00000000cc700000, 0x00000000cc700000|100%| S|CS|TAMS 0x00000000cc600000| PB 0x00000000cc600000| Complete 
|  41|0x00000000cc700000, 0x00000000cc800000, 0x00000000cc800000|100%| S|CS|TAMS 0x00000000cc700000| PB 0x00000000cc700000| Complete 
|  42|0x00000000cc800000, 0x00000000cc800000, 0x00000000cc900000|  0%| F|  |TAMS 0x00000000cc800000| PB 0x00000000cc800000| Untracked 
|  43|0x00000000cc900000, 0x00000000cc900000, 0x00000000cca00000|  0%| F|  |TAMS 0x00000000cc900000| PB 0x00000000cc900000| Untracked 
|  44|0x00000000cca00000, 0x00000000cca00000, 0x00000000ccb00000|  0%| F|  |TAMS 0x00000000cca00000| PB 0x00000000cca00000| Untracked 
|  45|0x00000000ccb00000, 0x00000000ccb00000, 0x00000000ccc00000|  0%| F|  |TAMS 0x00000000ccb00000| PB 0x00000000ccb00000| Untracked 
|  46|0x00000000ccc00000, 0x00000000ccc00000, 0x00000000ccd00000|  0%| F|  |TAMS 0x00000000ccc00000| PB 0x00000000ccc00000| Untracked 
|  47|0x00000000ccd00000, 0x00000000ccd00000, 0x00000000cce00000|  0%| F|  |TAMS 0x00000000ccd00000| PB 0x00000000ccd00000| Untracked 
|  48|0x00000000cce00000, 0x00000000cce00000, 0x00000000ccf00000|  0%| F|  |TAMS 0x00000000cce00000| PB 0x00000000cce00000| Untracked 
|  49|0x00000000ccf00000, 0x00000000ccf00000, 0x00000000cd000000|  0%| F|  |TAMS 0x00000000ccf00000| PB 0x00000000ccf00000| Untracked 
|  50|0x00000000cd000000, 0x00000000cd000000, 0x00000000cd100000|  0%| F|  |TAMS 0x00000000cd000000| PB 0x00000000cd000000| Untracked 
|  51|0x00000000cd100000, 0x00000000cd100000, 0x00000000cd200000|  0%| F|  |TAMS 0x00000000cd100000| PB 0x00000000cd100000| Untracked 
|  52|0x00000000cd200000, 0x00000000cd200000, 0x00000000cd300000|  0%| F|  |TAMS 0x00000000cd200000| PB 0x00000000cd200000| Untracked 
|  53|0x00000000cd300000, 0x00000000cd300000, 0x00000000cd400000|  0%| F|  |TAMS 0x00000000cd300000| PB 0x00000000cd300000| Untracked 
|  54|0x00000000cd400000, 0x00000000cd400000, 0x00000000cd500000|  0%| F|  |TAMS 0x00000000cd400000| PB 0x00000000cd400000| Untracked 
|  55|0x00000000cd500000, 0x00000000cd500000, 0x00000000cd600000|  0%| F|  |TAMS 0x00000000cd500000| PB 0x00000000cd500000| Untracked 
|  56|0x00000000cd600000, 0x00000000cd600000, 0x00000000cd700000|  0%| F|  |TAMS 0x00000000cd600000| PB 0x00000000cd600000| Untracked 
|  57|0x00000000cd700000, 0x00000000cd700000, 0x00000000cd800000|  0%| F|  |TAMS 0x00000000cd700000| PB 0x00000000cd700000| Untracked 
|  58|0x00000000cd800000, 0x00000000cd800000, 0x00000000cd900000|  0%| F|  |TAMS 0x00000000cd800000| PB 0x00000000cd800000| Untracked 
|  59|0x00000000cd900000, 0x00000000cd900000, 0x00000000cda00000|  0%| F|  |TAMS 0x00000000cd900000| PB 0x00000000cd900000| Untracked 
|  60|0x00000000cda00000, 0x00000000cda00000, 0x00000000cdb00000|  0%| F|  |TAMS 0x00000000cda00000| PB 0x00000000cda00000| Untracked 
|  61|0x00000000cdb00000, 0x00000000cdb00000, 0x00000000cdc00000|  0%| F|  |TAMS 0x00000000cdb00000| PB 0x00000000cdb00000| Untracked 
|  62|0x00000000cdc00000, 0x00000000cdc00000, 0x00000000cdd00000|  0%| F|  |TAMS 0x00000000cdc00000| PB 0x00000000cdc00000| Untracked 
|  63|0x00000000cdd00000, 0x00000000cdd00000, 0x00000000cde00000|  0%| F|  |TAMS 0x00000000cdd00000| PB 0x00000000cdd00000| Untracked 
|  64|0x00000000cde00000, 0x00000000cde00000, 0x00000000cdf00000|  0%| F|  |TAMS 0x00000000cde00000| PB 0x00000000cde00000| Untracked 
|  65|0x00000000cdf00000, 0x00000000cdf00000, 0x00000000ce000000|  0%| F|  |TAMS 0x00000000cdf00000| PB 0x00000000cdf00000| Untracked 
|  66|0x00000000ce000000, 0x00000000ce000000, 0x00000000ce100000|  0%| F|  |TAMS 0x00000000ce000000| PB 0x00000000ce000000| Untracked 
|  67|0x00000000ce100000, 0x00000000ce100000, 0x00000000ce200000|  0%| F|  |TAMS 0x00000000ce100000| PB 0x00000000ce100000| Untracked 

Card table byte_map: [0x00000222bff50000,0x00000222c0110000] _byte_map_base: 0x00000222bf901000

Marking Bits: (CMBitMap*) 0x00000222b9387480
 Bits: [0x00000222c0110000, 0x00000222c0e98000)

Polling page: 0x00000222b7240000

Metaspace:

Usage:
  Non-class:     53.28 MB used.
      Class:      8.92 MB used.
       Both:     62.20 MB used.

Virtual space:
  Non-class space:       64.00 MB reserved,      53.62 MB ( 84%) committed,  1 nodes.
      Class space:        1.00 GB reserved,       9.25 MB ( <1%) committed,  1 nodes.
             Both:        1.06 GB reserved,      62.88 MB (  6%) committed. 

Chunk freelists:
   Non-Class:  9.61 MB
       Class:  6.75 MB
        Both:  16.36 MB

MaxMetaspaceSize: unlimited
CompressedClassSpaceSize: 1.00 GB
Initial GC threshold: 21.00 MB
Current GC threshold: 98.38 MB
CDS: on
 - commit_granule_bytes: 65536.
 - commit_granule_words: 8192.
 - virtual_space_node_default_size: 8388608.
 - enlarge_chunks_in_place: 1.
 - use_allocation_guard: 0.


Internal statistics:

num_allocs_failed_limit: 9.
num_arena_births: 922.
num_arena_deaths: 0.
num_vsnodes_births: 2.
num_vsnodes_deaths: 0.
num_space_committed: 1006.
num_space_uncommitted: 0.
num_chunks_returned_to_freelist: 9.
num_chunks_taken_from_freelist: 3314.
num_chunk_merges: 9.
num_chunk_splits: 2447.
num_chunks_enlarged: 1967.
num_inconsistent_stats: 0.

CodeCache: size=49152Kb used=12093Kb max_used=12093Kb free=37058Kb
 bounds [0x00000222bcf50000, 0x00000222bdb20000, 0x00000222bff50000]
 total_blobs=7091 nmethods=6393 adapters=620
 compilation: enabled
              stopped_count=0, restarted_count=0
 full_count=0

Compilation events (20 events):
Event: 17.627 Thread 0x00000222c3305c20 6469       1       com.fasterxml.jackson.databind.type.ClassKey::<init> (29 bytes)
Event: 17.627 Thread 0x00000222c3305c20 nmethod 6469 0x00000222bdb1b390 code [0x00000222bdb1b540, 0x00000222bdb1b730]
Event: 17.647 Thread 0x00000222c3305c20 6470       1       sun.reflect.generics.parser.SignatureParser::parseTypeVariableSignature (95 bytes)
Event: 17.647 Thread 0x00000222c339f200 6471       1       sun.reflect.generics.tree.TypeVariableSignature::make (9 bytes)
Event: 17.647 Thread 0x00000222c339f200 nmethod 6471 0x00000222bdb1b810 code [0x00000222bdb1b9a0, 0x00000222bdb1baf0]
Event: 17.647 Thread 0x00000222c339f200 6472       1       sun.reflect.generics.tree.TypeVariableSignature::<init> (10 bytes)
Event: 17.647 Thread 0x00000222c339f200 nmethod 6472 0x00000222bdb1bb90 code [0x00000222bdb1bd20, 0x00000222bdb1be30]
Event: 17.647 Thread 0x00000222c339f200 6473       1       org.springframework.core.BridgeMethodResolver::searchCandidates (116 bytes)
Event: 17.647 Thread 0x00000222c3305c20 nmethod 6470 0x00000222bdb1be90 code [0x00000222bdb1c0e0, 0x00000222bdb1c548]
Event: 17.648 Thread 0x00000222c339f200 nmethod 6473 0x00000222bdb1c890 code [0x00000222bdb1cb80, 0x00000222bdb1d398]
Event: 17.650 Thread 0x00000222c3305c20 6475       1       org.springframework.core.MethodClassKey::compareTo (78 bytes)
Event: 17.650 Thread 0x00000222c339f200 6474       1       org.springframework.core.MethodClassKey::compareTo (9 bytes)
Event: 17.650 Thread 0x00000222c339f200 nmethod 6474 0x00000222bdb1d810 code [0x00000222bdb1d9c0, 0x00000222bdb1dad8]
Event: 17.650 Thread 0x00000222c339f200 6476       1       java.util.concurrent.ConcurrentHashMap::compareComparables (27 bytes)
Event: 17.650 Thread 0x00000222c339f200 nmethod 6476 0x00000222bdb1db90 code [0x00000222bdb1dd40, 0x00000222bdb1dea8]
Event: 17.650 Thread 0x00000222c3305c20 nmethod 6475 0x00000222bdb1df90 code [0x00000222bdb1e1a0, 0x00000222bdb1e508]
Event: 17.652 Thread 0x00000222c3305c20 6477       1       java.util.concurrent.ConcurrentHashMap$TreeBin::balanceInsertion (245 bytes)
Event: 17.653 Thread 0x00000222c3305c20 nmethod 6477 0x00000222bdb1e890 code [0x00000222bdb1ea80, 0x00000222bdb1edc0]
Event: 17.655 Thread 0x00000222c339f200 6478       1       java.util.concurrent.ConcurrentHashMap$TreeNode::<init> (16 bytes)
Event: 17.656 Thread 0x00000222c339f200 nmethod 6478 0x00000222bdb1f190 code [0x00000222bdb1f340, 0x00000222bdb1f590]

GC Heap History (20 events):
Event: 5.037 GC heap after
{Heap after GC invocations=8 (full 0):
 garbage-first heap   total 57344K, used 19071K [0x00000000c9e00000, 0x0000000100000000)
  region size 1024K, 4 young (4096K), 4 survivors (4096K)
 Metaspace       used 23937K, committed 24256K, reserved 1114112K
  class space    used 3318K, committed 3456K, reserved 1048576K
}
Event: 5.993 GC heap before
{Heap before GC invocations=8 (full 0):
 garbage-first heap   total 57344K, used 46719K [0x00000000c9e00000, 0x0000000100000000)
  region size 1024K, 31 young (31744K), 4 survivors (4096K)
 Metaspace       used 28493K, committed 28864K, reserved 1114112K
  class space    used 3949K, committed 4096K, reserved 1048576K
}
Event: 6.016 GC heap after
{Heap after GC invocations=9 (full 0):
 garbage-first heap   total 69632K, used 20674K [0x00000000c9e00000, 0x0000000100000000)
  region size 1024K, 4 young (4096K), 4 survivors (4096K)
 Metaspace       used 28493K, committed 28864K, reserved 1114112K
  class space    used 3949K, committed 4096K, reserved 1048576K
}
Event: 6.904 GC heap before
{Heap before GC invocations=9 (full 0):
 garbage-first heap   total 69632K, used 55490K [0x00000000c9e00000, 0x0000000100000000)
  region size 1024K, 38 young (38912K), 4 survivors (4096K)
 Metaspace       used 33178K, committed 33728K, reserved 1114112K
  class space    used 4589K, committed 4864K, reserved 1048576K
}
Event: 6.929 GC heap after
{Heap after GC invocations=10 (full 0):
 garbage-first heap   total 69632K, used 23570K [0x00000000c9e00000, 0x0000000100000000)
  region size 1024K, 5 young (5120K), 5 survivors (5120K)
 Metaspace       used 33178K, committed 33728K, reserved 1114112K
  class space    used 4589K, committed 4864K, reserved 1048576K
}
Event: 7.419 GC heap before
{Heap before GC invocations=10 (full 0):
 garbage-first heap   total 69632K, used 44050K [0x00000000c9e00000, 0x0000000100000000)
  region size 1024K, 26 young (26624K), 5 survivors (5120K)
 Metaspace       used 35427K, committed 35968K, reserved 1114112K
  class space    used 4904K, committed 5184K, reserved 1048576K
}
Event: 7.428 GC heap after
{Heap after GC invocations=11 (full 0):
 garbage-first heap   total 69632K, used 25318K [0x00000000c9e00000, 0x0000000100000000)
  region size 1024K, 2 young (2048K), 2 survivors (2048K)
 Metaspace       used 35427K, committed 35968K, reserved 1114112K
  class space    used 4904K, committed 5184K, reserved 1048576K
}
Event: 8.793 GC heap before
{Heap before GC invocations=12 (full 0):
 garbage-first heap   total 69632K, used 60134K [0x00000000c9e00000, 0x0000000100000000)
  region size 1024K, 36 young (36864K), 2 survivors (2048K)
 Metaspace       used 43882K, committed 44416K, reserved 1114112K
  class space    used 6118K, committed 6336K, reserved 1048576K
}
Event: 8.801 GC heap after
{Heap after GC invocations=13 (full 0):
 garbage-first heap   total 69632K, used 26871K [0x00000000c9e00000, 0x0000000100000000)
  region size 1024K, 4 young (4096K), 4 survivors (4096K)
 Metaspace       used 43882K, committed 44416K, reserved 1114112K
  class space    used 6118K, committed 6336K, reserved 1048576K
}
Event: 10.116 GC heap before
{Heap before GC invocations=13 (full 0):
 garbage-first heap   total 69632K, used 60663K [0x00000000c9e00000, 0x0000000100000000)
  region size 1024K, 37 young (37888K), 4 survivors (4096K)
 Metaspace       used 52558K, committed 53120K, reserved 1114112K
  class space    used 7362K, committed 7616K, reserved 1048576K
}
Event: 10.135 GC heap after
{Heap after GC invocations=14 (full 0):
 garbage-first heap   total 69632K, used 27745K [0x00000000c9e00000, 0x0000000100000000)
  region size 1024K, 4 young (4096K), 4 survivors (4096K)
 Metaspace       used 52558K, committed 53120K, reserved 1114112K
  class space    used 7362K, committed 7616K, reserved 1048576K
}
Event: 11.540 GC heap before
{Heap before GC invocations=14 (full 0):
 garbage-first heap   total 69632K, used 60513K [0x00000000c9e00000, 0x0000000100000000)
  region size 1024K, 36 young (36864K), 4 survivors (4096K)
 Metaspace       used 57766K, committed 58368K, reserved 1114112K
  class space    used 8193K, committed 8448K, reserved 1048576K
}
Event: 11.553 GC heap after
{Heap after GC invocations=15 (full 0):
 garbage-first heap   total 69632K, used 30109K [0x00000000c9e00000, 0x0000000100000000)
  region size 1024K, 4 young (4096K), 4 survivors (4096K)
 Metaspace       used 57766K, committed 58368K, reserved 1114112K
  class space    used 8193K, committed 8448K, reserved 1048576K
}
Event: 11.853 GC heap before
{Heap before GC invocations=15 (full 0):
 garbage-first heap   total 69632K, used 40349K [0x00000000c9e00000, 0x0000000100000000)
  region size 1024K, 15 young (15360K), 4 survivors (4096K)
 Metaspace       used 59700K, committed 60288K, reserved 1114112K
  class space    used 8440K, committed 8704K, reserved 1048576K
}
Event: 11.862 GC heap after
{Heap after GC invocations=16 (full 0):
 garbage-first heap   total 69632K, used 30696K [0x00000000c9e00000, 0x0000000100000000)
  region size 1024K, 3 young (3072K), 3 survivors (3072K)
 Metaspace       used 59700K, committed 60288K, reserved 1114112K
  class space    used 8440K, committed 8704K, reserved 1048576K
}
Event: 13.975 GC heap before
{Heap before GC invocations=17 (full 0):
 garbage-first heap   total 69632K, used 61416K [0x00000000c9e00000, 0x0000000100000000)
  region size 1024K, 33 young (33792K), 3 survivors (3072K)
 Metaspace       used 60833K, committed 61440K, reserved 1114112K
  class space    used 8689K, committed 8960K, reserved 1048576K
}
Event: 13.983 GC heap after
{Heap after GC invocations=18 (full 0):
 garbage-first heap   total 69632K, used 32083K [0x00000000c9e00000, 0x0000000100000000)
  region size 1024K, 4 young (4096K), 4 survivors (4096K)
 Metaspace       used 60833K, committed 61440K, reserved 1114112K
  class space    used 8689K, committed 8960K, reserved 1048576K
}
Event: 16.235 GC heap before
{Heap before GC invocations=18 (full 0):
 garbage-first heap   total 69632K, used 60755K [0x00000000c9e00000, 0x0000000100000000)
  region size 1024K, 32 young (32768K), 4 survivors (4096K)
 Metaspace       used 62415K, committed 63040K, reserved 1114112K
  class space    used 8948K, committed 9280K, reserved 1048576K
}
Event: 16.285 GC heap after
{Heap after GC invocations=19 (full 0):
 garbage-first heap   total 69632K, used 34049K [0x00000000c9e00000, 0x0000000100000000)
  region size 1024K, 4 young (4096K), 4 survivors (4096K)
 Metaspace       used 62415K, committed 63040K, reserved 1114112K
  class space    used 8948K, committed 9280K, reserved 1048576K
}
Event: 17.665 GC heap before
{Heap before GC invocations=19 (full 0):
 garbage-first heap   total 69632K, used 60673K [0x00000000c9e00000, 0x0000000100000000)
  region size 1024K, 30 young (30720K), 4 survivors (4096K)
 Metaspace       used 63693K, committed 64384K, reserved 1114112K
  class space    used 9129K, committed 9472K, reserved 1048576K
}

Dll operation events (3 events):
Event: 0.025 Loaded shared library C:\Users\lotfi\.jdks\jbr-21.0.7\bin\java.dll
Event: 0.286 Loaded shared library C:\Users\lotfi\.jdks\jbr-21.0.7\bin\zip.dll
Event: 7.726 Loaded shared library C:\Users\lotfi\.jdks\jbr-21.0.7\bin\verify.dll

Deoptimization events (10 events):
Event: 2.910 Thread 0x000002230a74fe30 DEOPT PACKING pc=0x00000222bd2a7204 sp=0x000000b1f8efc230
Event: 2.910 Thread 0x000002230a74fe30 DEOPT UNPACKING pc=0x00000222bcfa4e42 sp=0x000000b1f8efb6b8 mode 0
Event: 6.217 Thread 0x00000222b93518e0 DEOPT PACKING pc=0x00000222bd789481 sp=0x000000b1f75fe070
Event: 6.217 Thread 0x00000222b93518e0 DEOPT UNPACKING pc=0x00000222bcfa4e42 sp=0x000000b1f75fd608 mode 0
Event: 11.803 Thread 0x00000222b93518e0 DEOPT PACKING pc=0x00000222bd4a7314 sp=0x000000b1f75fd4c0
Event: 11.803 Thread 0x00000222b93518e0 DEOPT UNPACKING pc=0x00000222bcfa4e42 sp=0x000000b1f75fca18 mode 0
Event: 12.386 Thread 0x00000222b93518e0 DEOPT PACKING pc=0x00000222bd4a3039 sp=0x000000b1f75fd6b0
Event: 12.386 Thread 0x00000222b93518e0 DEOPT UNPACKING pc=0x00000222bcfa4e42 sp=0x000000b1f75fcbb8 mode 3
Event: 15.367 Thread 0x000002230a1e7550 DEOPT PACKING pc=0x00000222bd788d3c sp=0x000000b1f8cfe840
Event: 15.367 Thread 0x000002230a1e7550 DEOPT UNPACKING pc=0x00000222bcfa4e42 sp=0x000000b1f8cfdcd8 mode 0

Classes loaded (20 events):
Event: 8.459 Loading class java/time/chrono/IsoEra
Event: 8.460 Loading class java/time/chrono/Era
Event: 8.460 Loading class java/time/chrono/Era done
Event: 8.460 Loading class java/time/chrono/IsoEra done
Event: 8.529 Loading class java/util/concurrent/ThreadPoolExecutor$CallerRunsPolicy
Event: 8.529 Loading class java/util/concurrent/ThreadPoolExecutor$CallerRunsPolicy done
Event: 9.381 Loading class javax/naming/RefAddr
Event: 9.381 Loading class javax/naming/RefAddr done
Event: 9.381 Loading class javax/naming/StringRefAddr
Event: 9.381 Loading class javax/naming/StringRefAddr done
Event: 11.384 Loading class javax/naming/Reference
Event: 11.384 Loading class javax/naming/Reference done
Event: 11.917 Loading class java/lang/Package$1PackageInfoProxy
Event: 11.917 Loading class java/lang/Package$1PackageInfoProxy done
Event: 14.743 Loading class jdk/internal/event/X509CertificateEvent
Event: 14.744 Loading class jdk/internal/event/X509CertificateEvent done
Event: 15.426 Loading class java/util/concurrent/BlockingDeque
Event: 15.427 Loading class java/util/concurrent/BlockingDeque done
Event: 15.434 Loading class java/util/concurrent/LinkedBlockingDeque
Event: 15.436 Loading class java/util/concurrent/LinkedBlockingDeque done

Classes unloaded (0 events):
No events

Classes redefined (0 events):
No events

Internal exceptions (20 events):
Event: 10.769 Thread 0x00000222b93518e0 Exception <a 'java/lang/NoSuchMethodError'{0x00000000ccf08c40}: 'java.lang.Object java.lang.invoke.DirectMethodHandle$Holder.newInvokeSpecial(java.lang.Object, java.lang.Object, java.lang.Object, java.lang.Object, java.lang.Object, java.lang.Object)'> (0x00000000ccf08c40) 
thrown [s\src\hotspot\share\interpreter\linkResolver.cpp, line 784]
Event: 10.781 Thread 0x00000222b93518e0 Exception <a 'java/lang/NoSuchMethodError'{0x00000000ccf7e648}: 'java.lang.Object java.lang.invoke.DirectMethodHandle$Holder.newInvokeSpecial(java.lang.Object, java.lang.Object, java.lang.Object, java.lang.Object, java.lang.Object, java.lang.Object, java.lang.Object, int)'> (0x00000000ccf7e648) 
thrown [s\src\hotspot\share\interpreter\linkResolver.cpp, line 784]
Event: 10.781 Thread 0x00000222b93518e0 Exception <a 'java/lang/NoSuchMethodError'{0x00000000ccf82cb8}: 'java.lang.Object java.lang.invoke.DirectMethodHandle$Holder.invokeSpecial(java.lang.Object, java.lang.Object, java.lang.Object, java.lang.Object, java.lang.Object, java.lang.Object, java.lang.Object, java.lang.Object, int)'> (0x00000000ccf82cb8) 
thrown [s\src\hotspot\share\interpreter\linkResolver.cpp, line 784]
Event: 10.781 Thread 0x00000222b93518e0 Exception <a 'java/lang/NoSuchMethodError'{0x00000000ccf86cf0}: 'java.lang.Object java.lang.invoke.Invokers$Holder.linkToTargetMethod(java.lang.Object, java.lang.Object, java.lang.Object, java.lang.Object, java.lang.Object, java.lang.Object, int, java.lang.Object)'> (0x00000000ccf86cf0) 
thrown [s\src\hotspot\share\interpreter\linkResolver.cpp, line 784]
Event: 11.399 Thread 0x00000222b93518e0 Exception <a 'java/lang/NoSuchMethodError'{0x00000000ccaaf120}: 'void java.lang.invoke.Invokers$Holder.invokeExact_MT(java.lang.Object, java.lang.Object, java.lang.Object, java.lang.Object)'> (0x00000000ccaaf120) 
thrown [s\src\hotspot\share\interpreter\linkResolver.cpp, line 784]
Event: 11.517 Thread 0x00000222b93518e0 Exception <a 'java/lang/IncompatibleClassChangeError'{0x00000000cc4f3990}: Found class java.lang.Object, but interface was expected> (0x00000000cc4f3990) 
thrown [s\src\hotspot\share\interpreter\linkResolver.cpp, line 851]
Event: 11.575 Thread 0x00000222b93518e0 Exception <a 'java/lang/IncompatibleClassChangeError'{0x00000000ce1caec0}: Found class java.lang.Object, but interface was expected> (0x00000000ce1caec0) 
thrown [s\src\hotspot\share\interpreter\linkResolver.cpp, line 851]
Event: 11.648 Thread 0x00000222b93518e0 Exception <a 'java/lang/IncompatibleClassChangeError'{0x00000000cde53618}: Found class java.lang.Object, but interface was expected> (0x00000000cde53618) 
thrown [s\src\hotspot\share\interpreter\linkResolver.cpp, line 851]
Event: 11.902 Thread 0x00000222b93518e0 Exception <a 'java/lang/IncompatibleClassChangeError'{0x00000000ce164128}: Found class java.lang.Object, but interface was expected> (0x00000000ce164128) 
thrown [s\src\hotspot\share\interpreter\linkResolver.cpp, line 851]
Event: 12.194 Thread 0x00000222b93518e0 Exception <a 'java/lang/IncompatibleClassChangeError'{0x00000000cd809620}: Found class java.lang.Object, but interface was expected> (0x00000000cd809620) 
thrown [s\src\hotspot\share\interpreter\linkResolver.cpp, line 851]
Event: 13.852 Thread 0x00000222b93518e0 Exception <a 'java/io/FileNotFoundException'{0x00000000cc398a30}> (0x00000000cc398a30) 
thrown [s\src\hotspot\share\prims\jni.cpp, line 537]
Event: 13.855 Thread 0x00000222b93518e0 Exception <a 'java/io/FileNotFoundException'{0x00000000cc3a2a68}> (0x00000000cc3a2a68) 
thrown [s\src\hotspot\share\prims\jni.cpp, line 537]
Event: 14.466 Thread 0x00000222b93518e0 Exception <a 'java/lang/NoSuchMethodError'{0x00000000cd9a36a8}: 'java.lang.Object java.lang.invoke.DirectMethodHandle$Holder.invokeVirtual(java.lang.Object, java.lang.Object, java.lang.Object, java.lang.Object, java.lang.Object, java.lang.Object, java.lang.Object)'> (0x00000000cd9a36a8) 
thrown [s\src\hotspot\share\interpreter\linkResolver.cpp, line 784]
Event: 15.409 Thread 0x00000222b93518e0 Exception <a 'java/lang/IncompatibleClassChangeError'{0x00000000cd06b8c8}: Found class java.lang.Object, but interface was expected> (0x00000000cd06b8c8) 
thrown [s\src\hotspot\share\interpreter\linkResolver.cpp, line 851]
Event: 15.410 Thread 0x00000222b93518e0 Exception <a 'java/lang/IncompatibleClassChangeError'{0x00000000cd071360}: Found class java.lang.Object, but interface was expected> (0x00000000cd071360) 
thrown [s\src\hotspot\share\interpreter\linkResolver.cpp, line 851]
Event: 15.412 Thread 0x00000222b93518e0 Exception <a 'java/lang/IncompatibleClassChangeError'{0x00000000cd076a58}: Found class java.lang.Object, but interface was expected> (0x00000000cd076a58) 
thrown [s\src\hotspot\share\interpreter\linkResolver.cpp, line 851]
Event: 15.449 Thread 0x00000222b93518e0 Exception <a 'java/lang/NoSuchMethodError'{0x00000000ccf52408}: 'void java.lang.invoke.DirectMethodHandle$Holder.invokeVirtual(java.lang.Object, java.lang.Object, long)'> (0x00000000ccf52408) 
thrown [s\src\hotspot\share\interpreter\linkResolver.cpp, line 784]
Event: 15.466 Thread 0x00000222b93518e0 Exception <a 'java/lang/NoSuchMethodError'{0x00000000ccfdab50}: 'double java.lang.invoke.DirectMethodHandle$Holder.invokeVirtual(java.lang.Object, java.lang.Object)'> (0x00000000ccfdab50) 
thrown [s\src\hotspot\share\interpreter\linkResolver.cpp, line 784]
Event: 16.557 Thread 0x00000222b93518e0 Exception <a 'java/lang/NoSuchMethodError'{0x00000000ce0941c8}: 'java.lang.Object java.lang.invoke.DirectMethodHandle$Holder.invokeInterface(java.lang.Object, java.lang.Object, java.lang.Object, java.lang.Object)'> (0x00000000ce0941c8) 
thrown [s\src\hotspot\share\interpreter\linkResolver.cpp, line 784]
Event: 16.996 Thread 0x00000222b93518e0 Exception <a 'java/lang/NoSuchMethodError'{0x00000000cddba510}: 'java.lang.Object java.lang.invoke.DirectMethodHandle$Holder.newInvokeSpecial(java.lang.Object, java.lang.Object, java.lang.Object, java.lang.Object, java.lang.Object, java.lang.Object, java.lang.Object, java.lang.Object)'> (0x00000000cddba510) 
thrown [s\src\hotspot\share\interpreter\linkResolver.cpp, line 784]

ZGC Phase Switch (0 events):
No events

VM Operations (20 events):
Event: 13.186 Executing VM operation: Cleanup done
Event: 13.975 Executing VM operation: G1CollectForAllocation (G1 Evacuation Pause)
Event: 13.983 Executing VM operation: G1CollectForAllocation (G1 Evacuation Pause) done
Event: 14.657 Executing VM operation: HandshakeAllThreads (Deoptimize)
Event: 14.657 Executing VM operation: HandshakeAllThreads (Deoptimize) done
Event: 15.254 Executing VM operation: HandshakeAllThreads (Deoptimize)
Event: 15.254 Executing VM operation: HandshakeAllThreads (Deoptimize) done
Event: 15.254 Executing VM operation: Cleanup
Event: 15.254 Executing VM operation: Cleanup done
Event: 16.235 Executing VM operation: G1CollectForAllocation (G1 Evacuation Pause)
Event: 16.285 Executing VM operation: G1CollectForAllocation (G1 Evacuation Pause) done
Event: 17.260 Executing VM operation: HandshakeAllThreads (Deoptimize)
Event: 17.260 Executing VM operation: HandshakeAllThreads (Deoptimize) done
Event: 17.334 Executing VM operation: HandshakeAllThreads (Deoptimize)
Event: 17.334 Executing VM operation: HandshakeAllThreads (Deoptimize) done
Event: 17.334 Executing VM operation: Cleanup
Event: 17.334 Executing VM operation: Cleanup done
Event: 17.336 Executing VM operation: HandshakeAllThreads (Deoptimize)
Event: 17.336 Executing VM operation: HandshakeAllThreads (Deoptimize) done
Event: 17.665 Executing VM operation: G1CollectForAllocation (G1 Evacuation Pause)

Memory protections (0 events):
No events

Nmethod flushes (20 events):
Event: 11.950 Thread 0x00000222b9404b50 flushing  nmethod 0x00000222bd5d6c10
Event: 11.950 Thread 0x00000222b9404b50 flushing  nmethod 0x00000222bd5e0290
Event: 11.950 Thread 0x00000222b9404b50 flushing  nmethod 0x00000222bd60a390
Event: 11.950 Thread 0x00000222b9404b50 flushing  nmethod 0x00000222bd62ee90
Event: 11.950 Thread 0x00000222b9404b50 flushing  nmethod 0x00000222bd630290
Event: 11.950 Thread 0x00000222b9404b50 flushing  nmethod 0x00000222bd647b90
Event: 11.950 Thread 0x00000222b9404b50 flushing  nmethod 0x00000222bd6c3190
Event: 11.950 Thread 0x00000222b9404b50 flushing  nmethod 0x00000222bd73e490
Event: 11.950 Thread 0x00000222b9404b50 flushing  nmethod 0x00000222bd7fe010
Event: 11.950 Thread 0x00000222b9404b50 flushing  nmethod 0x00000222bd843190
Event: 11.950 Thread 0x00000222b9404b50 flushing  nmethod 0x00000222bd232f90
Event: 11.950 Thread 0x00000222b9404b50 flushing  nmethod 0x00000222bd48b310
Event: 11.950 Thread 0x00000222b9404b50 flushing  nmethod 0x00000222bd788510
Event: 11.950 Thread 0x00000222b9404b50 flushing  nmethod 0x00000222bd7db310
Event: 11.950 Thread 0x00000222b9404b50 flushing  nmethod 0x00000222bd7dc110
Event: 11.950 Thread 0x00000222b9404b50 flushing  nmethod 0x00000222bd42d790
Event: 11.950 Thread 0x00000222b9404b50 flushing  nmethod 0x00000222bd514d90
Event: 11.950 Thread 0x00000222b9404b50 flushing  nmethod 0x00000222bd5edb90
Event: 11.950 Thread 0x00000222b9404b50 flushing  nmethod 0x00000222bd604910
Event: 11.950 Thread 0x00000222b9404b50 flushing  nmethod 0x00000222bd802810

Events (20 events):
Event: 12.778 Thread 0x000002230b790d30 Thread exited: 0x000002230b790d30
Event: 13.302 Thread 0x000002230a1e7550 Thread added: 0x000002230b7906a0
Event: 13.413 Thread 0x000002230b7906a0 Thread exited: 0x000002230b7906a0
Event: 13.821 Thread 0x000002230a1e7550 Thread added: 0x000002230b7906a0
Event: 13.882 Thread 0x000002230b7906a0 Thread exited: 0x000002230b7906a0
Event: 14.331 Thread 0x000002230a1e7550 Thread added: 0x000002230b790d30
Event: 14.365 Thread 0x000002230b790d30 Thread exited: 0x000002230b790d30
Event: 14.854 Thread 0x000002230a1e7550 Thread added: 0x000002230b790d30
Event: 14.866 Thread 0x000002230b952910 Thread exited: 0x000002230b952910
Event: 15.069 Thread 0x000002230b790d30 Thread exited: 0x000002230b790d30
Event: 15.368 Thread 0x000002230a1e7550 Thread added: 0x000002230b7906a0
Event: 15.380 Thread 0x000002230b7906a0 Thread exited: 0x000002230b7906a0
Event: 15.882 Thread 0x000002230a1e7550 Thread added: 0x000002230b78ec60
Event: 15.895 Thread 0x000002230b78ec60 Thread exited: 0x000002230b78ec60
Event: 16.425 Thread 0x000002230a1e7550 Thread added: 0x000002230b78ec60
Event: 16.456 Thread 0x000002230b78ec60 Thread exited: 0x000002230b78ec60
Event: 16.950 Thread 0x000002230a1e7550 Thread added: 0x000002230b7906a0
Event: 16.995 Thread 0x000002230b7906a0 Thread exited: 0x000002230b7906a0
Event: 17.467 Thread 0x000002230a1e7550 Thread added: 0x000002230b7906a0
Event: 17.505 Thread 0x000002230b7906a0 Thread exited: 0x000002230b7906a0


Dynamic libraries:
0x00007ff61dd50000 - 0x00007ff61dd5a000 	C:\Users\lotfi\.jdks\jbr-21.0.7\bin\java.exe
0x00007ffd54750000 - 0x00007ffd54948000 	C:\WINDOWS\SYSTEM32\ntdll.dll
0x00007ffd538d0000 - 0x00007ffd53992000 	C:\WINDOWS\System32\KERNEL32.DLL
0x00007ffd51e60000 - 0x00007ffd52156000 	C:\WINDOWS\System32\KERNELBASE.dll
0x00007ffd52640000 - 0x00007ffd52740000 	C:\WINDOWS\System32\ucrtbase.dll
0x00007ffd4c450000 - 0x00007ffd4c46b000 	C:\Users\lotfi\.jdks\jbr-21.0.7\bin\VCRUNTIME140.dll
0x00007ffd4a8d0000 - 0x00007ffd4a8e8000 	C:\Users\lotfi\.jdks\jbr-21.0.7\bin\jli.dll
0x00007ffd52780000 - 0x00007ffd52921000 	C:\WINDOWS\System32\USER32.dll
0x00007ffd3fa70000 - 0x00007ffd3fd0b000 	C:\WINDOWS\WinSxS\amd64_microsoft.windows.common-controls_6595b64144ccf1df_6.0.19041.6456_none_60b8a6cb71f64256\COMCTL32.dll
0x00007ffd54080000 - 0x00007ffd5411e000 	C:\WINDOWS\System32\msvcrt.dll
0x00007ffd53a80000 - 0x00007ffd53aab000 	C:\WINDOWS\System32\GDI32.dll
0x00007ffd52370000 - 0x00007ffd52392000 	C:\WINDOWS\System32\win32u.dll
0x00007ffd52490000 - 0x00007ffd525a9000 	C:\WINDOWS\System32\gdi32full.dll
0x00007ffd523a0000 - 0x00007ffd5243d000 	C:\WINDOWS\System32\msvcp_win.dll
0x00007ffd53b10000 - 0x00007ffd53b3f000 	C:\WINDOWS\System32\IMM32.DLL
0x00007ffd4e3f0000 - 0x00007ffd4e3fc000 	C:\Users\lotfi\.jdks\jbr-21.0.7\bin\vcruntime140_1.dll
0x00007ffd39730000 - 0x00007ffd397bd000 	C:\Users\lotfi\.jdks\jbr-21.0.7\bin\msvcp140.dll
0x00007ffced810000 - 0x00007ffcee5d2000 	C:\Users\lotfi\.jdks\jbr-21.0.7\bin\server\jvm.dll
0x00007ffd53fc0000 - 0x00007ffd54071000 	C:\WINDOWS\System32\ADVAPI32.dll
0x00007ffd543b0000 - 0x00007ffd5444f000 	C:\WINDOWS\System32\sechost.dll
0x00007ffd537b0000 - 0x00007ffd538d0000 	C:\WINDOWS\System32\RPCRT4.dll
0x00007ffd52740000 - 0x00007ffd52767000 	C:\WINDOWS\System32\bcrypt.dll
0x00007ffd536e0000 - 0x00007ffd5374b000 	C:\WINDOWS\System32\WS2_32.dll
0x00007ffd47cb0000 - 0x00007ffd47cba000 	C:\WINDOWS\SYSTEM32\VERSION.dll
0x00007ffd51c40000 - 0x00007ffd51c8b000 	C:\WINDOWS\SYSTEM32\POWRPROF.dll
0x00007ffd47c80000 - 0x00007ffd47ca7000 	C:\WINDOWS\SYSTEM32\WINMM.dll
0x00007ffd51c20000 - 0x00007ffd51c32000 	C:\WINDOWS\SYSTEM32\UMPDC.dll
0x00007ffd4fc10000 - 0x00007ffd4fc22000 	C:\WINDOWS\SYSTEM32\kernel.appcore.dll
0x00007ffd4bda0000 - 0x00007ffd4bdaa000 	C:\Users\lotfi\.jdks\jbr-21.0.7\bin\jimage.dll
0x00007ffd38ed0000 - 0x00007ffd390d1000 	C:\WINDOWS\SYSTEM32\DBGHELP.DLL
0x00007ffd38e90000 - 0x00007ffd38ec4000 	C:\WINDOWS\SYSTEM32\dbgcore.DLL
0x00007ffd525b0000 - 0x00007ffd52632000 	C:\WINDOWS\System32\bcryptPrimitives.dll
0x00007ffd4a8c0000 - 0x00007ffd4a8ce000 	C:\Users\lotfi\.jdks\jbr-21.0.7\bin\instrument.dll
0x00007ffd49370000 - 0x00007ffd49390000 	C:\Users\lotfi\.jdks\jbr-21.0.7\bin\java.dll
0x00007ffd52990000 - 0x00007ffd53100000 	C:\WINDOWS\System32\SHELL32.dll
0x00007ffd4fe10000 - 0x00007ffd505b5000 	C:\WINDOWS\SYSTEM32\windows.storage.dll
0x00007ffd531d0000 - 0x00007ffd53524000 	C:\WINDOWS\System32\combase.dll
0x00007ffd51730000 - 0x00007ffd5175b000 	C:\WINDOWS\SYSTEM32\Wldp.dll
0x00007ffd539b0000 - 0x00007ffd53a7d000 	C:\WINDOWS\System32\OLEAUT32.dll
0x00007ffd53100000 - 0x00007ffd531ad000 	C:\WINDOWS\System32\SHCORE.dll
0x00007ffd53750000 - 0x00007ffd537ab000 	C:\WINDOWS\System32\shlwapi.dll
0x00007ffd51d10000 - 0x00007ffd51d34000 	C:\WINDOWS\SYSTEM32\profapi.dll
0x00007ffd41350000 - 0x00007ffd41368000 	C:\Users\lotfi\.jdks\jbr-21.0.7\bin\zip.dll
0x00007ffd4a8b0000 - 0x00007ffd4a8c0000 	C:\Users\lotfi\.jdks\jbr-21.0.7\bin\net.dll
0x00007ffd48dd0000 - 0x00007ffd48eda000 	C:\WINDOWS\SYSTEM32\WINHTTP.dll
0x00007ffd51490000 - 0x00007ffd514fa000 	C:\WINDOWS\system32\mswsock.dll
0x00007ffd3daf0000 - 0x00007ffd3db06000 	C:\Users\lotfi\.jdks\jbr-21.0.7\bin\nio.dll
0x00007ffd44020000 - 0x00007ffd44029000 	C:\Users\lotfi\.jdks\jbr-21.0.7\bin\extnet.dll
0x00007ffd51190000 - 0x00007ffd5125a000 	C:\WINDOWS\SYSTEM32\DNSAPI.dll
0x00007ffd51150000 - 0x00007ffd5118b000 	C:\WINDOWS\SYSTEM32\IPHLPAPI.DLL
0x00007ffd52770000 - 0x00007ffd52778000 	C:\WINDOWS\System32\NSI.dll
0x00007ffd4b3a0000 - 0x00007ffd4b3aa000 	C:\Windows\System32\rasadhlp.dll
0x00007ffd452c0000 - 0x00007ffd45340000 	C:\WINDOWS\System32\fwpuclnt.dll
0x00007ffd43ad0000 - 0x00007ffd43ad9000 	C:\Users\lotfi\.jdks\jbr-21.0.7\bin\management.dll
0x00007ffd424f0000 - 0x00007ffd424fb000 	C:\Users\lotfi\.jdks\jbr-21.0.7\bin\management_ext.dll
0x00007ffd539a0000 - 0x00007ffd539a8000 	C:\WINDOWS\System32\PSAPI.DLL
0x00007ffd51690000 - 0x00007ffd516a8000 	C:\WINDOWS\SYSTEM32\CRYPTSP.dll
0x00007ffd50d80000 - 0x00007ffd50db8000 	C:\WINDOWS\system32\rsaenh.dll
0x00007ffd51c90000 - 0x00007ffd51cbe000 	C:\WINDOWS\SYSTEM32\USERENV.dll
0x00007ffd51680000 - 0x00007ffd5168c000 	C:\WINDOWS\SYSTEM32\CRYPTBASE.dll
0x00007ffced4a0000 - 0x00007ffced4b7000 	C:\WINDOWS\system32\napinsp.dll
0x00007ffced4c0000 - 0x00007ffced4db000 	C:\WINDOWS\system32\pnrpnsp.dll
0x00007ffd4c250000 - 0x00007ffd4c26d000 	C:\WINDOWS\system32\NLAapi.dll
0x00007ffd4ecd0000 - 0x00007ffd4eced000 	C:\WINDOWS\system32\wshbth.dll
0x00007ffced4e0000 - 0x00007ffced4f2000 	C:\WINDOWS\System32\winrnr.dll
0x00007ffd41290000 - 0x00007ffd4129e000 	C:\Users\lotfi\.jdks\jbr-21.0.7\bin\sunmscapi.dll
0x00007ffd52210000 - 0x00007ffd5236d000 	C:\WINDOWS\System32\CRYPT32.dll
0x00007ffd517a0000 - 0x00007ffd517c7000 	C:\WINDOWS\SYSTEM32\ncrypt.dll
0x00007ffd51760000 - 0x00007ffd5179b000 	C:\WINDOWS\SYSTEM32\NTASN1.dll
0x00007ffd41270000 - 0x00007ffd41280000 	C:\Users\lotfi\.jdks\jbr-21.0.7\bin\verify.dll

dbghelp: loaded successfully - version: 4.0.5 - missing functions: none
symbol engine: initialized successfully - sym options: 0x614 - pdb path: .;C:\Users\lotfi\.jdks\jbr-21.0.7\bin;C:\WINDOWS\SYSTEM32;C:\WINDOWS\WinSxS\amd64_microsoft.windows.common-controls_6595b64144ccf1df_6.0.19041.6456_none_60b8a6cb71f64256;C:\Users\lotfi\.jdks\jbr-21.0.7\bin\server

VM Arguments:
jvm_args: -XX:TieredStopAtLevel=1 -Dspring.output.ansi.enabled=always -Dcom.sun.management.jmxremote -Dspring.jmx.enabled=true -Dspring.liveBeansView.mbeanDomain -Dspring.application.admin.enabled=true -Dmanagement.endpoints.jmx.exposure.include=* -javaagent:C:\Program Files\JetBrains\IntelliJ IDEA 2025.3\lib\idea_rt.jar=64875 -Dfile.encoding=UTF-8 -Dsun.stdout.encoding=UTF-8 -Dsun.stderr.encoding=UTF-8 
java_command: com.example.demo.DemoApplication
java_class_path (initial): C:\Users\lotfi\Desktop\demo\springboot\target\classes;C:\Users\lotfi\.m2\repository\org\springframework\boot\spring-boot-starter-web\3.2.2\spring-boot-starter-web-3.2.2.jar;C:\Users\lotfi\.m2\repository\org\springframework\boot\spring-boot-starter\3.2.2\spring-boot-starter-3.2.2.jar;C:\Users\lotfi\.m2\repository\org\springframework\boot\spring-boot\3.2.2\spring-boot-3.2.2.jar;C:\Users\lotfi\.m2\repository\org\springframework\boot\spring-boot-autoconfigure\3.2.2\spring-boot-autoconfigure-3.2.2.jar;C:\Users\lotfi\.m2\repository\org\springframework\boot\spring-boot-starter-logging\3.2.2\spring-boot-starter-logging-3.2.2.jar;C:\Users\lotfi\.m2\repository\ch\qos\logback\logback-classic\1.4.14\logback-classic-1.4.14.jar;C:\Users\lotfi\.m2\repository\ch\qos\logback\logback-core\1.4.14\logback-core-1.4.14.jar;C:\Users\lotfi\.m2\repository\org\apache\logging\log4j\log4j-to-slf4j\2.21.1\log4j-to-slf4j-2.21.1.jar;C:\Users\lotfi\.m2\repository\org\apache\logging\log4j\log4j-api\2.21.1\log4j-api-2.21.1.jar;C:\Users\lotfi\.m2\repository\org\slf4j\jul-to-slf4j\2.0.11\jul-to-slf4j-2.0.11.jar;C:\Users\lotfi\.m2\repository\jakarta\annotation\jakarta.annotation-api\2.1.1\jakarta.annotation-api-2.1.1.jar;C:\Users\lotfi\.m2\repository\org\yaml\snakeyaml\2.2\snakeyaml-2.2.jar;C:\Users\lotfi\.m2\repository\org\springframework\boot\spring-boot-starter-json\3.2.2\spring-boot-starter-json-3.2.2.jar;C:\Users\lotfi\.m2\repository\com\fasterxml\jackson\core\jackson-databind\2.15.3\jackson-databind-2.15.3.jar;C:\Users\lotfi\.m2\repository\com\fasterxml\jackson\core\jackson-annotations\2.15.3\jackson-annotations-2.15.3.jar;C:\Users\lotfi\.m2\repository\com\fasterxml\jackson\core\jackson-core\2.15.3\jackson-core-2.15.3.jar;C:\Users\lotfi\.m2\repository\com\fasterxml\jackson\datatype\jackson-datatype-jdk8\2.15.3\jackson-datatype-jdk8-2.15.3.jar;C:\Users\lotfi\.m2\repository\com\fasterxml\jackson\datatype\jackson-datatype-jsr310\2.15.3\jackson-datatype-jsr310-2.15.3.jar;C:\Users\lotfi\.m2\repository\com\fasterxml\jackson\module\jackson-module-parameter-names\2.15.3\jackson-module-parameter-names-2.15.3.jar;C:\Users\lotfi\.m2\repository\org\springframework\boot\spring-boot-starter-tomcat\3.2.2\spring-boot-starter-tomcat-3.2.2.jar;C:\Users\lotfi\.m2\repository\org\apache\tomcat\embed\tomcat-embed-core\10.1.18\tomcat-embed-core-10.1.18.jar;C:\Users\lotfi\.m2\repository\org\apache\tomcat\embed\tomcat-embed-websocket\10.1.18\tomcat-embed-websocket-10.1.18.jar;C:\Users\lotfi\.m2\repository\org\springframework\spring-web\6.1.3\spring-web-6.1.3.jar;C:\Users\lotfi\.m2\repository\org\springframework\spring-beans\6.1.3\spring-beans-6.1.3.jar;C:\Users\lotfi\.m2\repository\org\springframework\spring-webmvc\6.1.3\spring-webmvc-6.1.3.jar;C:\Users\lotfi\.m2\repository\org\springframework\spring-aop\6.1.3\spring-aop-6.1.3.jar;C:\Users\lotfi\.m2\repository\org\springframework\spring-context\6.1.3\spring-context-6.1.3.jar;C:\Users\lotfi\.m2\repository\org\springframework\spring-expression\6.1.3\spring-expression-6.1.3.jar;C:\Users\lotfi\.m2\repository\org\springframework\boot\spring-boot-starter-validation\3.2.2\spring-boot-starter-validation-3.2.2.jar;C:\Users\lotfi\.m2\repository\org\apache\tomcat\embed\tomcat-embed-el\10.1.18\tomcat-embed-el-10.1.18.jar;C:\Users\lotfi\.m2\repository\org\hibernate\validator\hibernate-validator\8.0.1.Final\hibernate-validator-8.0.1.Final.jar;C:\Users\lotfi\.m2\repository\jakarta\validation\jakarta.validation-api\3.0.2\jakarta.validation-api-3.0.2.jar;C:\Users\lotfi\.m2\repository\org\jboss\logging\jboss-logging\3.5.3.Final\jboss-logging-3.5.3.Final.jar;C:\Users\lotfi\.m2\repository\com\fasterxml\classmate\1.6.0\classmate-1.6.0.jar;C:\Users\lotfi\.m2\repository\org\springframework\boot\spring-boot-starter-data-jpa\3.2.2\spring-boot-starter-data-jpa-3.2.2.jar;C:\Users\lotfi\.m2\repository\org\springframework\boot\spring-boot-starter-aop\3.2.2\spring-boot-starter-aop-3.2.2.jar;C:\Users\lotfi\.m2\repository\org\aspectj\aspectjweaver\1.9.21\aspectjweaver-1.9.21.jar;C:\Users\lotfi\.m2\repository\org\springframework\boot\spring-boot-starter-jdbc\3.2.2\spring-boot-starter-jdbc-3.2.2.jar;C:\Users\lotfi\.m2\repository\com\zaxxer\HikariCP\5.0.1\HikariCP-5.0.1.jar;C:\Users\lotfi\.m2\repository\org\springframework\spring-jdbc\6.1.3\spring-jdbc-6.1.3.jar;C:\Users\lotfi\.m2\repository\org\hibernate\orm\hibernate-core\6.4.1.Final\hibernate-core-6.4.1.Final.jar;C:\Users\lotfi\.m2\repository\jakarta\persistence\jakarta.persistence-api\3.1.0\jakarta.persistence-api-3.1.0.jar;C:\Users\lotfi\.m2\repository\jakarta\transaction\jakarta.transaction-api\2.0.1\jakarta.transaction-api-2.0.1.jar;C:\Users\lotfi\.m2\repository\org\hibernate\common\hibernate-commons-annotations\6.0.6.Final\hibernate-commons-annotations-6.0.6.Final.jar;C:\Users\lotfi\.m2\repository\io\smallrye\jandex\3.1.2\jandex-3.1.2.jar;C:\Users\lotfi\.m2\repository\net\bytebuddy\byte-buddy\1.14.11\byte-buddy-1.14.11.jar;C:\Users\lotfi\.m2\repository\org\glassfish\jaxb\jaxb-runtime\4.0.4\jaxb-runtime-4.0.4.jar;C:\Users\lotfi\.m2\repository\org\glassfish\jaxb\jaxb-core\4.0.4\jaxb-core-4.0.4.jar;C:\Users\lotfi\.m2\repository\org\glassfish\jaxb\txw2\4.0.4\txw2-4.0.4.jar;C:\Users\lotfi\.m2\repository\com\sun\istack\istack-commons-runtime\4.1.2\istack-commons-runtime-4.1.2.jar;C:\Users\lotfi\.m2\repository\jakarta\inject\jakarta.inject-api\2.0.1\jakarta.inject-api-2.0.1.jar;C:\Users\lotfi\.m2\repository\org\antlr\antlr4-runtime\4.13.0\antlr4-runtime-4.13.0.jar;C:\Users\lotfi\.m2\repository\org\springframework\data\spring-data-jpa\3.2.2\spring-data-jpa-3.2.2.jar;C:\Users\lotfi\.m2\repository\org\springframework\data\spring-data-commons\3.2.2\spring-data-commons-3.2.2.jar;C:\Users\lotfi\.m2\repository\org\springframework\spring-orm\6.1.3\spring-orm-6.1.3.jar;C:\Users\lotfi\.m2\repository\org\springframework\spring-tx\6.1.3\spring-tx-6.1.3.jar;C:\Users\lotfi\.m2\repository\org\slf4j\slf4j-api\2.0.11\slf4j-api-2.0.11.jar;C:\Users\lotfi\.m2\repository\org\springframework\spring-aspects\6.1.3\spring-aspects-6.1.3.jar;C:\Users\lotfi\.m2\repository\org\springframework\boot\spring-boot-starter-actuator\3.2.2\spring-boot-starter-actuator-3.2.2.jar;C:\Users\lotfi\.m2\repository\org\springframework\boot\spring-boot-actuator-autoconfigure\3.2.2\spring-boot-actuator-autoconfigure-3.2.2.jar;C:\Users\lotfi\.m2\repository\org\springframework\boot\spring-boot-actuator\3.2.2\spring-boot-actuator-3.2.2.jar;C:\Users\lotfi\.m2\repository\io\micrometer\micrometer-observation\1.12.2\micrometer-observation-1.12.2.jar;C:\Users\lotfi\.m2\repository\io\micrometer\micrometer-commons\1.12.2\micrometer-commons-1.12.2.jar;C:\Users\lotfi\.m2\repository\io\micrometer\micrometer-jakarta9\1.12.2\micrometer-jakarta9-1.12.2.jar;C:\Users\lotfi\.m2\repository\io\micrometer\micrometer-core\1.12.2\micrometer-core-1.12.2.jar;C:\Users\lotfi\.m2\repository\org\hdrhistogram\HdrHistogram\2.1.12\HdrHistogram-2.1.12.jar;C:\Users\lotfi\.m2\repository\org\latencyutils\LatencyUtils\2.0.3\LatencyUtils-2.0.3.jar;C:\Users\lotfi\.m2\repository\org\springframework\boot\spring-boot-starter-amqp\3.2.2\spring-boot-starter-amqp-3.2.2.jar;C:\Users\lotfi\.m2\repository\org\springframework\spring-messaging\6.1.3\spring-messaging-6.1.3.jar;C:\Users\lotfi\.m2\repository\org\springframework\amqp\spring-rabbit\3.1.1\spring-rabbit-3.1.1.jar;C:\Users\lotfi\.m2\repository\org\springframework\amqp\spring-amqp\3.1.1\spring-amqp-3.1.1.jar;C:\Users\lotfi\.m2\repository\org\springframework\retry\spring-retry\2.0.5\spring-retry-2.0.5.jar;C:\Users\lotfi\.m2\repository\com\rabbitmq\amqp-client\5.19.0\amqp-client-5.19.0.jar;C:\Users\lotfi\.m2\repository\org\springframework\boot\spring-boot-starter-mail\3.2.2\spring-boot-starter-mail-3.2.2.jar;C:\Users\lotfi\.m2\repository\org\springframework\spring-context-support\6.1.3\spring-context-support-6.1.3.jar;C:\Users\lotfi\.m2\repository\org\eclipse\angus\jakarta.mail\2.0.2\jakarta.mail-2.0.2.jar;C:\Users\lotfi\.m2\repository\jakarta\activation\jakarta.activation-api\2.1.2\jakarta.activation-api-2.1.2.jar;C:\Users\lotfi\.m2\repository\org\eclipse\angus\angus-activation\2.0.1\angus-activation-2.0.1.jar;C:\Users\lotfi\.m2\repository\org\postgresql\postgresql\42.6.0\postgresql-42.6.0.jar;C:\Users\lotfi\.m2\repository\org\checkerframework\checker-qual\3.31.0\checker-qual-3.31.0.jar;C:\Users\lotfi\.m2\repository\org\projectlombok\lombok\1.18.30\lombok-1.18.30.jar;C:\Users\lotfi\.m2\repository\jakarta\xml\bind\jakarta.xml.bind-api\4.0.1\jakarta.xml.bind-api-4.0.1.jar;C:\Users\lotfi\.m2\repository\org\springframework\spring-core\6.1.3\spring-core-6.1.3.jar;C:\Users\lotfi\.m2\repository\org\springframework\spring-jcl\6.1.3\spring-jcl-6.1.3.jar
Launcher Type: SUN_STANDARD

[Global flags]
     intx CICompilerCount                          = 3                                         {product} {ergonomic}
     uint ConcGCThreads                            = 1                                         {product} {ergonomic}
     uint G1ConcRefinementThreads                  = 4                                         {product} {ergonomic}
   size_t G1HeapRegionSize                         = 1048576                                   {product} {ergonomic}
    uintx GCDrainStackTargetSize                   = 64                                        {product} {ergonomic}
   size_t InitialHeapSize                          = 58720256                                  {product} {ergonomic}
     bool ManagementServer                         = true                                      {product} {command line}
   size_t MarkStackSize                            = 4194304                                   {product} {ergonomic}
   size_t MaxHeapSize                              = 908066816                                 {product} {ergonomic}
   size_t MaxNewSize                               = 544210944                                 {product} {ergonomic}
   size_t MinHeapDeltaBytes                        = 1048576                                   {product} {ergonomic}
   size_t MinHeapSize                              = 8388608                                   {product} {ergonomic}
    uintx NonNMethodCodeHeapSize                   = 4096                                   {pd product} {ergonomic}
    uintx NonProfiledCodeHeapSize                  = 0                                      {pd product} {ergonomic}
     bool ProfileInterpreter                       = false                                  {pd product} {command line}
    uintx ProfiledCodeHeapSize                     = 0                                      {pd product} {ergonomic}
   size_t SoftMaxHeapSize                          = 908066816                              {manageable} {ergonomic}
     intx TieredStopAtLevel                        = 1                                         {product} {command line}
     bool UseCompressedOops                        = true                           {product lp64_product} {ergonomic}
     bool UseG1GC                                  = true                                      {product} {ergonomic}
     bool UseLargePagesIndividualAllocation        = false                                  {pd product} {ergonomic}

Logging:
Log output configuration:
 #0: stdout all=warning uptime,level,tags foldmultilines=false
 #1: stderr all=off uptime,level,tags foldmultilines=false

Environment Variables:
PATH=C:\Program Files (x86)\Common Files\Oracle\Java\java8path;C:\Program Files (x86)\Common Files\Oracle\Java\javapath;C:\Python313\Scripts\;C:\Python313\;C:\WINDOWS\system32;C:\WINDOWS;C:\WINDOWS\System32\Wbem;C:\WINDOWS\System32\WindowsPowerShell\v1.0\;C:\WINDOWS\System32\OpenSSH\;C:\Program Files\dotnet\;C:\Program Files\nodejs\;C:\ProgramData\chocolatey\bin;C:\Program Files\Docker\Docker\resources\bin;C:\Program Files\Git\cmd;C:\Python313\Scripts\;C:\Python313\;C:\WINDOWS\system32;C:\WINDOWS;C:\WINDOWS\System32\Wbem;C:\WINDOWS\System32\WindowsPowerShell\v1.0\;C:\WINDOWS\System32\OpenSSH\;C:\Program Files\dotnet\;C:\Program Files\Git\cmd;C:\Program Files\Docker\Docker\resources\bin;C:\Program Files\nodejs\;C:\ProgramData\chocolatey\bin;C:\Users\lotfi\AppData\Local\Microsoft\WindowsApps;C:\Users\lotfi\AppData\Local\Programs\Microsoft VS Code\bin;C:\Users\lotfi\.dotnet\tools;C:\Program Files\JetBrains\IntelliJ IDEA 2025.1.1.1\bin;;C:\Users\lotfi\AppData\Roaming\npm;c:/Users/lotfi/AppData/Roaming/npm
USERNAME=lotfi
OS=Windows_NT
PROCESSOR_IDENTIFIER=AMD64 Family 23 Model 24 Stepping 1, AuthenticAMD
TMP=C:\Users\lotfi\AppData\Local\Temp
TEMP=C:\Users\lotfi\AppData\Local\Temp




Periodic native trim disabled

JNI global refs:
JNI global refs: 16, weak refs: 0

JNI global refs memory usage: 835, weak refs: 833

Process memory usage:
Resident Set Size: 224840K (6% of 3542832K total physical memory with 210636K free physical memory)

OOME stack traces (most recent first):
Classloader memory used:
Loader jdk.internal.loader.ClassLoaders$AppClassLoader                                 : 57274K
Loader bootstrap                                                                       : 5746K
Loader jdk.internal.loader.ClassLoaders$PlatformClassLoader                            : 612K
Loader jdk.internal.reflect.DelegatingClassLoader                                      : 58032B
Loader net.bytebuddy.utility.dispatcher.JavaDispatcher$DynamicClassLoader              : 1904B


[error occurred during error reporting (Classloader stats), id 0xe0000001, Out of Memory Error (s\src\hotspot\share\memory\arena.cpp:168)]
---------------  S Y S T E M  ---------------

OS:
 Windows 10 , 64 bit Build 19041 (10.0.19041.5915)
OS uptime: 1 days 3:40 hours
Hyper-V role detected

CPU: total 4 (initial active 4) (4 cores per cpu, 2 threads per core) family 23 model 24 stepping 1 microcode 0x0, cx8, cmov, fxsr, ht, mmx, 3dnowpref, sse, sse2, sse3, ssse3, sse4a, sse4.1, sse4.2, popcnt, lzcnt, tsc, tscinvbit, avx, avx2, aes, clmul, bmi1, bmi2, adx, sha, fma, vzeroupper, clflush, clflushopt, hv, rdtscp, f16c
Processor Information for the first 4 processors :
  Max Mhz: 2600, Current Mhz: 2600, Mhz Limit: 2600

Memory: 4k page, system-wide physical 3459M (201M free)
TotalPageFile size 11651M (AvailPageFile size 0M)
current process WorkingSet (physical memory assigned to process): 220M, peak: 220M
current process commit charge ("private bytes"): 270M, peak: 277M

vm_info: OpenJDK 64-Bit Server VM (21.0.7+6-b1020.35) for windows-amd64 JRE (21.0.7+6-b1020.35), built on 2025-05-24 by "builduser" with MS VC++ 16.10 / 16.11 (VS2019)

END.
